SQL> CREATE OR REPLACE TRIGGER DUSHYANT
AFTER UPDATE OR INSERT OR DELETE ON EMP
FOR EACH ROW
BEGIN
IF UPDATING THEN
DBMS_OUTPUT.PUT_LINE('TABLE IS UPDATED');
ELSIF INSERTING THEN
DBMS_OUTPUT.PUT_LINE('TABLE IS INSERTED');
ELSIF DELETING THEN
DBMS_OUTPUT.PUT_LINE('TABLE IS DELETED');
END IF;
END;
/ 

Trigger created.

SQL> update emp set income =900 where empname='Reddy';

TABLE IS UPDATED

SQL> insert into emp values ( 4,'Dushyant',700,250,80);

TABLE IS INSERTED

SQL> DELETE FROM EMP WHERE EMPID = 4;

TABLE IS DELETED

SQL> spool off
